2021-10-27 20:10:04.911  INFO 10320 --- [main] SpringBootCoreDataJpaMvcRest1Application : Starting TimesheetSpringBootCoreDataJpaMvcRest1Application on DESKTOP-54DI4OD with PID 10320 (started by Sassou in C:\Users\Sassou\Desktop\Nouveau dossier\timesheet)
2021-10-27 20:10:04.916  INFO 10320 --- [main] SpringBootCoreDataJpaMvcRest1Application : No active profile set, falling back to default profiles: default
2021-10-27 20:10:05.461  INFO 10320 --- [main] .s.d.r.c.RepositoryConfigurationDelegate : Bootstrapping Spring Data repositories in DEFAULT mode.
2021-10-27 20:10:05.526  INFO 10320 --- [main] .s.d.r.c.RepositoryConfigurationDelegate : Finished Spring Data repository scanning in 57ms. Found 6 repository interfaces.
2021-10-27 20:10:05.772  INFO 10320 --- [main] trationDelegate$BeanPostProcessorChecker : Bean 'org.springframework.transaction.annotation.ProxyTransactionManagementConfiguration' of type [org.springframework.transaction.annotation.ProxyTransactionManagementConfiguration$$EnhancerBySpringCGLIB$$1eab4c19] is not eligible for getting processed by all BeanPostProcessors (for example: not eligible for auto-proxying)
2021-10-27 20:10:06.105  INFO 10320 --- [main] o.s.b.w.embedded.tomcat.TomcatWebServer  : Tomcat initialized with port(s): 8081 (http)
2021-10-27 20:10:06.126  INFO 10320 --- [main] o.apache.catalina.core.StandardService   : Starting service [Tomcat]
2021-10-27 20:10:06.127  INFO 10320 --- [main] org.apache.catalina.core.StandardEngine  : Starting Servlet engine: [Apache Tomcat/9.0.17]
2021-10-27 20:10:06.229  INFO 10320 --- [main] o.a.c.c.C.[.[localhost].[/SpringMVC]     : Initializing Spring embedded WebApplicationContext
2021-10-27 20:10:06.230  INFO 10320 --- [main] o.s.web.context.ContextLoader            : Root WebApplicationContext: initialization completed in 1279 ms
2021-10-27 20:10:06.366  INFO 10320 --- [main] com.zaxxer.hikari.HikariDataSource       : HikariPool-1 - Starting...
2021-10-27 20:10:06.477  INFO 10320 --- [main] com.zaxxer.hikari.HikariDataSource       : HikariPool-1 - Start completed.
2021-10-27 20:10:06.532  INFO 10320 --- [main] o.hibernate.jpa.internal.util.LogHelper  : HHH000204: Processing PersistenceUnitInfo [
	name: default
	...]
2021-10-27 20:10:06.648  INFO 10320 --- [main] org.hibernate.Version                    : HHH000412: Hibernate Core {5.3.9.Final}
2021-10-27 20:10:06.652  INFO 10320 --- [main] org.hibernate.cfg.Environment            : HHH000206: hibernate.properties not found
2021-10-27 20:10:06.833  INFO 10320 --- [main] o.hibernate.annotations.common.Version   : HCANN000001: Hibernate Commons Annotations {5.0.4.Final}
2021-10-27 20:10:06.982  INFO 10320 --- [main] org.hibernate.dialect.Dialect            : HHH000400: Using dialect: org.hibernate.dialect.MySQL5Dialect
2021-10-27 20:10:07.783  INFO 10320 --- [main] j.LocalContainerEntityManagerFactoryBean : Initialized JPA EntityManagerFactory for persistence unit 'default'
2021-10-27 20:10:08.029  INFO 10320 --- [main] o.h.h.i.QueryTranslatorFactoryInitiator  : HHH000397: Using ASTQueryTranslatorFactory
2021-10-27 20:10:08.357  INFO 10320 --- [main] o.s.s.concurrent.ThreadPoolTaskExecutor  : Initializing ExecutorService 'applicationTaskExecutor'
2021-10-27 20:10:08.394  WARN 10320 --- [main] aWebConfiguration$JpaWebMvcConfiguration : spring.jpa.open-in-view is enabled by default. Therefore, database queries may be performed during view rendering. Explicitly configure spring.jpa.open-in-view to disable this warning
2021-10-27 20:10:08.525  INFO 10320 --- [main] o.s.b.w.embedded.tomcat.TomcatWebServer  : Tomcat started on port(s): 8081 (http) with context path '/SpringMVC'
2021-10-27 20:10:08.527  INFO 10320 --- [main] SpringBootCoreDataJpaMvcRest1Application : Started TimesheetSpringBootCoreDataJpaMvcRest1Application in 3.862 seconds (JVM running for 4.606)
